[debug] [2023-02-15T17:13:13.317Z] ----------------------------------------------------------------------
[debug] [2023-02-15T17:13:13.322Z] Command:       C:\Program Files\nodejs\node.exe C:\Users\jhessin\AppData\Local\pnpm\global\5\node_modules\firebase-tools\lib\bin\firebase.js init
[debug] [2023-02-15T17:13:13.323Z] CLI Version:   11.23.1
[debug] [2023-02-15T17:13:13.324Z] Platform:      win32
[debug] [2023-02-15T17:13:13.324Z] Node Version:  v18.13.0
[debug] [2023-02-15T17:13:13.327Z] Time:          Wed Feb 15 2023 10:13:13 GMT-0700 (Mountain Standard Time)
[debug] [2023-02-15T17:13:13.327Z] ----------------------------------------------------------------------
[debug] 
[debug] [2023-02-15T17:13:13.525Z] > command requires scopes: ["email","openid","https://www.googleapis.com/auth/cloudplatformprojects.readonly","https://www.googleapis.com/auth/firebase","https://www.googleapis.com/auth/cloud-platform"]
[debug] [2023-02-15T17:13:13.526Z] > authorizing via signed-in user (jhessin@gmail.com)
[info] 
     ######## #### ########  ######## ########     ###     ######  ########
     ##        ##  ##     ## ##       ##     ##  ##   ##  ##       ##
     ######    ##  ########  ######   ########  #########  ######  ######
     ##        ##  ##    ##  ##       ##     ## ##     ##       ## ##
     ##       #### ##     ## ######## ########  ##     ##  ######  ########

You're about to initialize a Firebase project in this directory:

  C:\Users\jhessin\Documents\GitHub\workouts

Before we get started, keep in mind:

  * You are initializing within an existing Firebase project directory

[info] 
=== Project Setup
[info] 
[info] First, let's associate this project directory with a Firebase project.
[info] You can create multiple project aliases by running firebase use --add, 
[info] but for now we'll just set up a default project.
[info] 
[debug] [2023-02-15T17:13:25.897Z] Using project from CLI flag: work-n-out
[debug] [2023-02-15T17:13:25.905Z] >>> [apiv2][query] GET https://firebase.googleapis.com/v1beta1/projects/work-n-out [none]
[debug] [2023-02-15T17:13:26.732Z] <<< [apiv2][status] GET https://firebase.googleapis.com/v1beta1/projects/work-n-out 200
[debug] [2023-02-15T17:13:26.732Z] <<< [apiv2][body] GET https://firebase.googleapis.com/v1beta1/projects/work-n-out {"projectId":"work-n-out","projectNumber":"807791503978","displayName":"Work-n-out","name":"projects/work-n-out","resources":{"hostingSite":"work-n-out","realtimeDatabaseInstance":"work-n-out-default-rtdb"},"state":"ACTIVE","etag":"1_5412975e-1042-4bfd-91c3-9835cd9dd540"}
[info] i  Using project work-n-out (Work-n-out) 
[info] 
=== Functions Setup
[debug] [2023-02-15T17:13:26.752Z] > command requires scopes: ["email","openid","https://www.googleapis.com/auth/cloudplatformprojects.readonly","https://www.googleapis.com/auth/firebase","https://www.googleapis.com/auth/cloud-platform"]
[debug] [2023-02-15T17:13:26.753Z] > authorizing via signed-in user (jhessin@gmail.com)
[debug] [2023-02-15T17:13:26.753Z] [iam] checking project work-n-out for permissions ["firebase.projects.get"]
[debug] [2023-02-15T17:13:26.755Z] >>> [apiv2][query] POST https://cloudresourcemanager.googleapis.com/v1/projects/work-n-out:testIamPermissions [none]
[debug] [2023-02-15T17:13:26.755Z] >>> [apiv2][(partial)header] POST https://cloudresourcemanager.googleapis.com/v1/projects/work-n-out:testIamPermissions x-goog-quota-user=projects/work-n-out
[debug] [2023-02-15T17:13:26.755Z] >>> [apiv2][body] POST https://cloudresourcemanager.googleapis.com/v1/projects/work-n-out:testIamPermissions {"permissions":["firebase.projects.get"]}
[debug] [2023-02-15T17:13:27.327Z] <<< [apiv2][status] POST https://cloudresourcemanager.googleapis.com/v1/projects/work-n-out:testIamPermissions 200
[debug] [2023-02-15T17:13:27.328Z] <<< [apiv2][body] POST https://cloudresourcemanager.googleapis.com/v1/projects/work-n-out:testIamPermissions {"permissions":["firebase.projects.get"]}
[debug] [2023-02-15T17:13:27.329Z] >>> [apiv2][query] GET https://serviceusage.googleapis.com/v1/projects/work-n-out/services/cloudfunctions.googleapis.com [none]
[debug] [2023-02-15T17:13:27.329Z] >>> [apiv2][(partial)header] GET https://serviceusage.googleapis.com/v1/projects/work-n-out/services/cloudfunctions.googleapis.com x-goog-quota-user=projects/work-n-out
[debug] [2023-02-15T17:13:27.332Z] >>> [apiv2][query] GET https://serviceusage.googleapis.com/v1/projects/work-n-out/services/runtimeconfig.googleapis.com [none]
[debug] [2023-02-15T17:13:27.332Z] >>> [apiv2][(partial)header] GET https://serviceusage.googleapis.com/v1/projects/work-n-out/services/runtimeconfig.googleapis.com x-goog-quota-user=projects/work-n-out
[debug] [2023-02-15T17:13:27.945Z] <<< [apiv2][status] GET https://serviceusage.googleapis.com/v1/projects/work-n-out/services/runtimeconfig.googleapis.com 200
[debug] [2023-02-15T17:13:27.945Z] <<< [apiv2][body] GET https://serviceusage.googleapis.com/v1/projects/work-n-out/services/runtimeconfig.googleapis.com [omitted]
[debug] [2023-02-15T17:13:27.947Z] <<< [apiv2][status] GET https://serviceusage.googleapis.com/v1/projects/work-n-out/services/cloudfunctions.googleapis.com 200
[debug] [2023-02-15T17:13:27.947Z] <<< [apiv2][body] GET https://serviceusage.googleapis.com/v1/projects/work-n-out/services/cloudfunctions.googleapis.com [omitted]
[debug] [2023-02-15T17:13:27.948Z] >>> [apiv2][query] POST https://serviceusage.googleapis.com/v1/projects/work-n-out/services/cloudfunctions.googleapis.com:enable [none]
[debug] [2023-02-15T17:13:27.948Z] >>> [apiv2][(partial)header] POST https://serviceusage.googleapis.com/v1/projects/work-n-out/services/cloudfunctions.googleapis.com:enable x-goog-quota-user=projects/work-n-out
[debug] [2023-02-15T17:13:28.861Z] <<< [apiv2][status] POST https://serviceusage.googleapis.com/v1/projects/work-n-out/services/cloudfunctions.googleapis.com:enable 200
[debug] [2023-02-15T17:13:28.861Z] <<< [apiv2][body] POST https://serviceusage.googleapis.com/v1/projects/work-n-out/services/cloudfunctions.googleapis.com:enable [omitted]
[debug] [2023-02-15T17:13:38.879Z] >>> [apiv2][query] GET https://serviceusage.googleapis.com/v1/projects/work-n-out/services/cloudfunctions.googleapis.com [none]
[debug] [2023-02-15T17:13:38.879Z] >>> [apiv2][(partial)header] GET https://serviceusage.googleapis.com/v1/projects/work-n-out/services/cloudfunctions.googleapis.com x-goog-quota-user=projects/work-n-out
[debug] [2023-02-15T17:13:39.219Z] <<< [apiv2][status] GET https://serviceusage.googleapis.com/v1/projects/work-n-out/services/cloudfunctions.googleapis.com 200
[debug] [2023-02-15T17:13:39.219Z] <<< [apiv2][body] GET https://serviceusage.googleapis.com/v1/projects/work-n-out/services/cloudfunctions.googleapis.com [omitted]
[info] Let's create a new codebase for your functions.
[info] A directory corresponding to the codebase will be created in your project
[info] with sample code pre-configured.

[info] See https://firebase.google.com/docs/functions/organize-functions for
[info] more information on organizing your functions using codebases.

[info] Functions can be deployed with firebase deploy.

[info] +  Wrote functions/package.json 
[info] +  Wrote functions/.eslintrc.js 
[info] +  Wrote functions/tsconfig.json 
[info] +  Wrote functions/tsconfig.dev.json 
[info] +  Wrote functions/src/index.ts 
[info] +  Wrote functions/.gitignore 
